<?xml version='1.0' encoding='UTF-8'?>
<testsuite hostname="Pablo" name="PurchaseDataProcessorSpec" tests="5" errors="0" failures="0" skipped="0" time="6.083" timestamp="2025-05-20T11:14:23">
          <properties>
      <property name="awt.toolkit" value="sun.awt.windows.WToolkit"/><property name="java.specification.version" value="11"/><property name="sun.cpu.isalist" value="amd64"/><property name="sun.jnu.encoding" value="Cp1252"/><property name="sun.arch.data.model" value="64"/><property name="java.vendor.url" value="https://adoptium.net/"/><property name="sun.boot.library.path" value="F:\Trabajo\Mercadolibre\Java_jdk11\OpenJDK11U-jdk_x64_windows_hotspot_11.0.27_6\jdk-11.0.27+6\bin"/><property name="sun.java.command" value="xsbt.boot.Boot test"/><property name="jdk.debug" value="release"/><property name="sun.stderr.encoding" value="cp437"/><property name="java.specification.vendor" value="Oracle Corporation"/><property name="java.version.date" value="2025-04-15"/><property name="java.home" value="F:\Trabajo\Mercadolibre\Java_jdk11\OpenJDK11U-jdk_x64_windows_hotspot_11.0.27_6\jdk-11.0.27+6"/><property name="file.separator" value="\"/><property name="java.vm.compressedOopsMode" value="32-bit"/><property name="line.separator" value="
"/><property name="sun.stdout.encoding" value="cp437"/><property name="java.specification.name" value="Java Platform API Specification"/><property name="java.vm.specification.vendor" value="Oracle Corporation"/><property name="user.script" value=""/><property name="sun.management.compiler" value="HotSpot 64-Bit Tiered Compilers"/><property name="java.runtime.version" value="11.0.27+6"/><property name="user.name" value="pablo"/><property name="log4j.ignoreTCL" value="true"/><property name="file.encoding" value="UTF-8"/><property name="jnidispatch.path" value="C:\Users\pablo\AppData\Local\Temp\jna-106421716\jna14106864175041463348.dll"/><property name="java.vendor.version" value="Temurin-11.0.27+6"/><property name="jna.loaded" value="true"/><property name="java.io.tmpdir" value="C:\Users\pablo\AppData\Local\Temp\"/><property name="java.version" value="11.0.27"/><property name="java.vm.specification.name" value="Java Virtual Machine Specification"/><property name="java.awt.printerjob" value="sun.awt.windows.WPrinterJob"/><property name="sun.os.patch.level" value=""/><property name="java.library.path" value="F:\Trabajo\Mercadolibre\Java_jdk11\OpenJDK11U-jdk_x64_windows_hotspot_11.0.27_6\jdk-11.0.27+6\bin;C:\WINDOWS\Sun\Java\bin;C:\WINDOWS\system32;C:\WINDOWS;F:\Trabajo\Mercadolibre\Java_jdk11\OpenJDK11U-jdk_x64_windows_hotspot_11.0.27_6\jdk-11.0.27+6\bin;C:\Program Files\Python38\Scripts\;C:\Program Files\Python38\;C:\Program Files (x86)\Razer Chroma SDK\bin;C:\Program Files\Razer Chroma SDK\bin;C:\Program Files (x86)\Razer\ChromaBroadcast\bin;C:\Program Files\Razer\ChromaBroadcast\bin;C:\WINDOWS\system32;C:\WINDOWS;C:\WINDOWS\System32\Wbem;C:\WINDOWS\System32\WindowsPowerShell\v1.0\;C:\WINDOWS\System32\OpenSSH\;F:\Github\Git\cmd;C:\Users\pablo\AppData\Local\Microsoft\WindowsApps;C:\Users\pablo\AppData\Local\GitHubDesktop\bin;C:\WINDOWS\system32\config\systemprofile\AppData\Local\Microsoft\WindowsApps;C:\Program Files\dotnet\;C:\Program Files\MIT\Kerberos\bin;C:\WINDOWS\system32;C:\WINDOWS;C:\WINDOWS\System32\Wbem;C:\WINDOWS\System32\WindowsPowerShell\v1.0\;C:\WINDOWS\System32\OpenSSH\;F:\Trabajo\Mercadolibre\Java_jdk11\OpenJDK11U-jdk_x64_windows_hotspot_11.0.27_6\jdk-11.0.27+6\bin;F:\Trabajo\Mercadolibre\winutils\winutils-master\hadoop-3.0.0\bin;F:\Trabajo\Mercadolibre\sbt\bin;F:\Trabajo\Mercadolibre\Spark\spark-3.5.5-bin-hadoop3\bin;."/><property name="java.vendor" value="Eclipse Adoptium"/><property name="java.specification.maintenance.version" value="3"/><property name="scala.ext.dirs" value="C:\Users\pablo\.sbt\1.0\java9-rt-ext-eclipse_adoptium_11_0_27"/><property name="sun.io.unicode.encoding" value="UnicodeLittle"/><property name="sun.desktop" value="windows"/><property name="java.class.path" value="F:\Trabajo\Mercadolibre\sbt\bin\sbt-launch.jar"/><property name="java.vm.vendor" value="Eclipse Adoptium"/><property name="user.variant" value=""/><property name="jline.shutdownhook" value="false"/><property name="user.timezone" value="America/Buenos_Aires"/><property name="os.name" value="Windows 11"/><property name="java.vm.specification.version" value="11"/><property name="sun.java.launcher" value="SUN_STANDARD"/><property name="user.country" value="US"/><property name="sun.cpu.endian" value="little"/><property name="user.home" value="C:\Users\pablo"/><property name="user.language" value="en"/><property name="sbt.ipcsocket.tmpdir" value="C:\Users\pablo\AppData\Local\Temp\.sbt70d2b892\ipcsocket"/><property name="swoval.tmpdir" value="C:\Users\pablo\AppData\Local\Temp\.sbt70d2b892\swoval"/><property name="java.awt.graphicsenv" value="sun.awt.Win32GraphicsEnvironment"/><property name="jline.esc.timeout" value="0"/><property name="path.separator" value=";"/><property name="os.version" value="10.0"/><property name="jna.nosys" value="true"/><property name="java.runtime.name" value="OpenJDK Runtime Environment"/><property name="java.vm.name" value="OpenJDK 64-Bit Server VM"/><property name="java.vendor.url.bug" value="https://github.com/adoptium/adoptium-support/issues"/><property name="user.dir" value="F:\Trabajo\Mercadolibre\Examen\MercadoLibreChallange"/><property name="os.arch" value="amd64"/><property name="java.vm.info" value="mixed mode"/><property name="java.vm.version" value="11.0.27+6"/><property name="java.class.version" value="55.0"/>
    </properties>
          <testcase classname="PurchaseDataProcessorSpec" name="testValidInputProcessing" time="5.067">
                      
                    </testcase><testcase classname="PurchaseDataProcessorSpec" name="testNullValuesAreFiltered" time="0.116">
                      
                    </testcase><testcase classname="PurchaseDataProcessorSpec" name="testInvalidDateFormatIsIgnored" time="0.339">
                      
                    </testcase><testcase classname="PurchaseDataProcessorSpec" name="testEmptyDatasetReturnsEmpty" time="0.379">
                      
                    </testcase><testcase classname="PurchaseDataProcessorSpec" name="testAllInvalidReturnsEmpty" time="0.182">
                      
                    </testcase>
          <system-out><![CDATA[]]></system-out>
          <system-err><![CDATA[]]></system-err>
        </testsuite>